<?xml version="1.0" encoding="UTF-8"?>
<!-- Generated by org.testng.reporters.JUnitReportReporter -->
<testsuite hostname="HAPPYLOVER" failures="0" tests="5" name="tests.ContactTest" time="26.502" errors="0" timestamp="2023-09-02T15:59:14 GMT-06:00" skipped="0">
  <testcase classname="tests.ContactTest" name="sign_Up_Out_Test" time="3.456"/>
  <testcase classname="tests.ContactTest" name="create_Contact_Test" time="7.422"/>
  <testcase classname="tests.ContactTest" name="can_Not_Create_Without_Mandatory_Fields_Test" time="4.347"/>
  <testcase classname="tests.ContactTest" name="edit_Exist_Contact_Test" time="6.919"/>
  <testcase classname="tests.ContactTest" name="delete_Contact_Test" time="4.358"/>
</testsuite> <!-- tests.ContactTest -->
