<?xml version="1.0" encoding="UTF-8"?>
<!-- Generated by org.testng.reporters.JUnitReportReporter -->
<testsuite hostname="HAPPYLOVER" failures="0" tests="6" name="tests.PageObject" time="29.664" errors="0" timestamp="2023-08-26T13:17:11 GMT-06:00" skipped="0">
  <testcase classname="tests.PageObject" name="signUpTest" time="3.297"/>
  <testcase classname="tests.PageObject" name="signOut" time="5.481"/>
  <testcase classname="tests.PageObject" name="createContactTest" time="5.757"/>
  <testcase classname="tests.PageObject" name="canNotCreateWithoutMandatoryFields" time="4.241"/>
  <testcase classname="tests.PageObject" name="editExistContact" time="6.612"/>
  <testcase classname="tests.PageObject" name="deleteContact" time="4.276"/>
</testsuite> <!-- tests.PageObject -->
